
Pro*C/C++: Release 11.2.0.3.0 - Production on Thu Nov 8 13:52:04 2018

Copyright (c) 1982, 2011, Oracle and/or its affiliates.  All rights reserved.

Error at line 0, column 0 in file /home/icpap/ganji/ScheduleDaemon/src/service/
ServiceMain_SC999.pc
PCC-F-02102, Fatal error while doing C preprocessing
Error at line 33, column 11 in file /usr/include/stdio.h
    33  # include <stddef.h>
    33  ..........1
    33  PCC-S-02015, unable to open include file
Error at line 15, column 10 in file /usr/include/_G_config.h
    15  #include <stddef.h>
    15  .........1
    15  PCC-S-02015, unable to open include file
Error at line 51, column 11 in file /usr/include/wchar.h
    51  # include <stddef.h>
    51  ..........1
    51  PCC-S-02015, unable to open include file
Error at line 50, column 10 in file /usr/include/libio.h
    50  #include <stdarg.h>
    50  .........1
    50  PCC-S-02015, unable to open include file
Error at line 307, column 3 in file /usr/include/libio.h
   307    size_t __pad5;
   307  ..1
   307  PCC-S-02201, Encountered the symbol "size_t" when expecting one of the 
        following:
        
           } char, const, double, enum, float, int, long, ulong_varchar,
           OCIBFileLocator OCIBlobLocator, OCIClobLocator, OCIDateTime,
           OCIExtProcContext, OCIInterval, OCIRowid, OCIDate, OCINumber,
           OCIRaw, OCIString, short, signed, sql_context, sql_cursor,
           struct, union, unsigned, utext, uvarchar, varchar, void,
           volatile, a typedef name,
        The symbol "enum," was substituted for "size_t" to continue.
        
Error at line 339, column 62 in file /usr/include/libio.h
   339  typedef __ssize_t __io_read_fn (void *__cookie, char *__buf, size_t __n
        bytes);
   339  .............................................................1
   339  PCC-S-02201, Encountered the symbol "size_t" when expecting one of the 
        following:
        
           ... auto, char, const, double, enum, float, int, long,
           ulong_varchar, OCIBFileLocator OCIBlobLocator,
           OCIClobLocator, OCIDateTime, OCIExtProcContext, OCIInterval,
           OCIRowid, OCIDate, OCINumber, OCIRaw, OCIString, register,
           short, signed, sql_context, sql_cursor, static, struct,
           union, unsigned, utext, uvarchar, varchar, void, volatile,
           a typedef name, exec oracle, exec oracle begin, exec,
           exec sql, exec sql begin, exec sql type, exec sql var,
        The symbol "enum," was substituted for "size_t" to continue.
        
Error at line 348, column 6 in file /usr/include/libio.h
   348                                   size_t __n);
   348  .....1
   348  PCC-S-02201, Encountered the symbol "size_t" when expecting one of the 
        following:
        
           ... auto, char, const, double, enum, float, int, long,
           ulong_varchar, OCIBFileLocator OCIBlobLocator,
           OCIClobLocator, OCIDateTime, OCIExtProcContext, OCIInterval,
           OCIRowid, OCIDate, OCINumber, OCIRaw, OCIString, register,
           short, signed, sql_context, sql_cursor, static, struct,
           union, unsigned, utext, uvarchar, varchar, void, volatile,
           a typedef name, exec oracle, exec oracle begin, exec,
           exec sql, exec sql begin, exec sql type, exec sql var,
        The symbol "enum," was substituted for "size_t" to continue.
        
Error at line 391, column 34 in file /usr/include/libio.h
   391  extern int __underflow (_IO_FILE *);
   391  .................................1
   391  PCC-S-02201, Encountered the symbol "*" when expecting one of the follo
        wing:
        
           , )
        

Pro*C/C++: Release 11.2.0.3.0 - Production on Thu Nov 8 13:52:04 2018

Copyright (c) 1982, 2011, Oracle and/or its affiliates.  All rights reserved.

Error at line 392, column 30 in file /usr/include/libio.h
   392  extern int __uflow (_IO_FILE *);
   392  .............................1
   392  PCC-S-02201, Encountered the symbol "*" when expecting one of the follo
        wing:
        
           , )
        
Error at line 393, column 33 in file /usr/include/libio.h
   393  extern int __overflow (_IO_FILE *, int);
   393  ................................1
   393  PCC-S-02201, Encountered the symbol "*" when expecting one of the follo
        wing:
        
           , )
        
Error at line 435, column 31 in file /usr/include/libio.h
   435  extern int _IO_getc (_IO_FILE *__fp);
   435  ..............................1
   435  PCC-S-02201, Encountered the symbol "*" when expecting one of the follo
        wing:
        
           , )
        
Error at line 436, column 31 in file /usr/include/libio.h
   436  extern int _IO_putc (int __c, _IO_FILE *__fp);
   436  ..............................1
   436  PCC-S-02201, Encountered the symbol "_IO_FILE" when expecting one of th
        e following:
        
           ... auto, char, const, double, enum, float, int, long,
           ulong_varchar, OCIBFileLocator OCIBlobLocator,
           OCIClobLocator, OCIDateTime, OCIExtProcContext, OCIInterval,
           OCIRowid, OCIDate, OCINumber, OCIRaw, OCIString, register,
           short, signed, sql_context, sql_cursor, static, struct,
           union, unsigned, utext, uvarchar, varchar, void, volatile,
           a typedef name, exec oracle, exec oracle begin, exec,
           exec sql, exec sql begin, exec sql type, exec sql var,
        The symbol "enum," was substituted for "_IO_FILE" to continue.
        
Error at line 437, column 31 in file /usr/include/libio.h
   437  extern int _IO_feof (_IO_FILE *__fp) __THROW;
   437  ..............................1
   437  PCC-S-02201, Encountered the symbol "*" when expecting one of the follo
        wing:
        
           , )
        
Error at line 438, column 33 in file /usr/include/libio.h
   438  extern int _IO_ferror (_IO_FILE *__fp) __THROW;
   438  ................................1
   438  PCC-S-02201, Encountered the symbol "*" when expecting one of the follo
        wing:
        
           , )
        
Error at line 440, column 39 in file /usr/include/libio.h
   440  extern int _IO_peekc_locked (_IO_FILE *__fp);
   440  ......................................1
   440  PCC-S-02201, Encountered the symbol "*" when expecting one of the follo
        wing:
        
           , )
        
Error at line 446, column 37 in file /usr/include/libio.h
   446  extern void _IO_flockfile (_IO_FILE *) __THROW;
   446  ....................................1
   446  PCC-S-02201, Encountered the symbol "*" when expecting one of the follo
        wing:
        
           , )
        

Pro*C/C++: Release 11.2.0.3.0 - Production on Thu Nov 8 13:52:04 2018

Copyright (c) 1982, 2011, Oracle and/or its affiliates.  All rights reserved.

Error at line 447, column 39 in file /usr/include/libio.h
   447  extern void _IO_funlockfile (_IO_FILE *) __THROW;
   447  ......................................1
   447  PCC-S-02201, Encountered the symbol "*" when expecting one of the follo
        wing:
        
           , )
        
Error at line 448, column 39 in file /usr/include/libio.h
   448  extern int _IO_ftrylockfile (_IO_FILE *) __THROW;
   448  ......................................1
   448  PCC-S-02201, Encountered the symbol "*" when expecting one of the follo
        wing:
        
           , )
        
Error at line 465, column 34 in file /usr/include/libio.h
   465  extern int _IO_vfscanf (_IO_FILE * __restrict, const char * __restrict,
   465  .................................1
   465  PCC-S-02201, Encountered the symbol "*" when expecting one of the follo
        wing:
        
           , )
        
Error at line 466, column 4 in file /usr/include/libio.h
   466                          _IO_va_list, int *__restrict);
   466  ...1
   466  PCC-S-02201, Encountered the symbol "__gnuc_va_list" when expecting one
         of the following:
        
           ... auto, char, const, double, enum, float, int, long,
           ulong_varchar, OCIBFileLocator OCIBlobLocator,
           OCIClobLocator, OCIDateTime, OCIExtProcContext, OCIInterval,
           OCIRowid, OCIDate, OCINumber, OCIRaw, OCIString, register,
           short, signed, sql_context, sql_cursor, static, struct,
           union, unsigned, utext, uvarchar, varchar, void, volatile,
           a typedef name, exec oracle, exec oracle begin, exec,
           exec sql, exec sql begin, exec sql type, exec sql var,
        The symbol "auto," was substituted for "__gnuc_va_list" to continue.
        
Error at line 467, column 35 in file /usr/include/libio.h
   467  extern int _IO_vfprintf (_IO_FILE *__restrict, const char *__restrict,
   467  ..................................1
   467  PCC-S-02201, Encountered the symbol "*" when expecting one of the follo
        wing:
        
           , )
        
Error at line 468, column 5 in file /usr/include/libio.h
   468                           _IO_va_list);
   468  ....1
   468  PCC-S-02201, Encountered the symbol "__gnuc_va_list" when expecting one
         of the following:
        
           ... auto, char, const, double, enum, float, int, long,
           ulong_varchar, OCIBFileLocator OCIBlobLocator,
           OCIClobLocator, OCIDateTime, OCIExtProcContext, OCIInterval,
           OCIRowid, OCIDate, OCINumber, OCIRaw, OCIString, register,
           short, signed, sql_context, sql_cursor, static, struct,
           union, unsigned, utext, uvarchar, varchar, void, volatile,
           a typedef name, exec oracle, exec oracle begin, exec,
           exec sql, exec sql begin, exec sql type, exec sql var,
        The symbol "auto," was substituted for "__gnuc_va_list" to continue.
        
Error at line 469, column 39 in file /usr/include/libio.h
   469  extern _IO_ssize_t _IO_padn (_IO_FILE *, int, _IO_ssize_t);
   469  ......................................1
   469  PCC-S-02201, Encountered the symbol "*" when expecting one of the follo
        wing:
        
           , )
        

Pro*C/C++: Release 11.2.0.3.0 - Production on Thu Nov 8 13:52:04 2018

Copyright (c) 1982, 2011, Oracle and/or its affiliates.  All rights reserved.

Error at line 470, column 19 in file /usr/include/libio.h
   470  extern _IO_size_t _IO_sgetn (_IO_FILE *, void *, _IO_size_t);
   470  ..................1
   470  PCC-S-02201, Encountered the symbol "_IO_sgetn" when expecting one of t
        he following:
        
           ; , = ( [
        The symbol "=" was substituted for "_IO_sgetn" to continue.
        
Error at line 470, column 40 in file /usr/include/libio.h
   470  extern _IO_size_t _IO_sgetn (_IO_FILE *, void *, _IO_size_t);
   470  .......................................1
   470  PCC-S-02201, Encountered the symbol "," when expecting one of the follo
        wing:
        
           ( * & + - ~ ! ^ ++ -- ... sizeof, an identifier,
           a quoted string, a numeric constant,
        The symbol "..." was substituted for "," to continue.
        
Error at line 472, column 42 in file /usr/include/libio.h
   472  extern _IO_off64_t _IO_seekoff (_IO_FILE *, _IO_off64_t, int, int);
   472  .........................................1
   472  PCC-S-02201, Encountered the symbol "*" when expecting one of the follo
        wing:
        
           , )
        
Error at line 473, column 42 in file /usr/include/libio.h
   473  extern _IO_off64_t _IO_seekpos (_IO_FILE *, _IO_off64_t, int);
   473  .........................................1
   473  PCC-S-02201, Encountered the symbol "*" when expecting one of the follo
        wing:
        
           , )
        
Error at line 475, column 44 in file /usr/include/libio.h
   475  extern void _IO_free_backup_area (_IO_FILE *) __THROW;
   475  ...........................................1
   475  PCC-S-02201, Encountered the symbol "*" when expecting one of the follo
        wing:
        
           , )
        
Error at line 83, column 12 in file /usr/include/stdio.h
    83  #  include <stdarg.h>
    83  ...........1
    83  PCC-S-02015, unable to open include file
Error at line 319, column 35 in file /usr/include/stdio.h
   319  extern FILE *fmemopen (void *__s, size_t __len, const char *__modes)
   319  ..................................1
   319  PCC-S-02201, Encountered the symbol "size_t" when expecting one of the 
        following:
        
           ... auto, char, const, double, enum, float, int, long,
           ulong_varchar, OCIBFileLocator OCIBlobLocator,
           OCIClobLocator, OCIDateTime, OCIExtProcContext, OCIInterval,
           OCIRowid, OCIDate, OCINumber, OCIRaw, OCIString, register,
           short, signed, sql_context, sql_cursor, static, struct,
           union, unsigned, utext, uvarchar, varchar, void, volatile,
           a typedef name, exec oracle, exec oracle begin, exec,
           exec sql, exec sql begin, exec sql type, exec sql var,
        The symbol "enum," was substituted for "size_t" to continue.
        

Pro*C/C++: Release 11.2.0.3.0 - Production on Thu Nov 8 13:52:04 2018

Copyright (c) 1982, 2011, Oracle and/or its affiliates.  All rights reserved.

Error at line 325, column 47 in file /usr/include/stdio.h
   325  extern FILE *open_memstream (char **__bufloc, size_t *__sizeloc) __THRO
        W __wur;
   325  ..............................................1
   325  PCC-S-02201, Encountered the symbol "size_t" when expecting one of the 
        following:
        
           ... auto, char, const, double, enum, float, int, long,
           ulong_varchar, OCIBFileLocator OCIBlobLocator,
           OCIClobLocator, OCIDateTime, OCIExtProcContext, OCIInterval,
           OCIRowid, OCIDate, OCINumber, OCIRaw, OCIString, register,
           short, signed, sql_context, sql_cursor, static, struct,
           union, unsigned, utext, uvarchar, varchar, void, volatile,
           a typedef name, exec oracle, exec oracle begin, exec,
           exec sql, exec sql begin, exec sql type, exec sql var,
        The symbol "enum," was substituted for "size_t" to continue.
        
Error at line 337, column 20 in file /usr/include/stdio.h
   337                      int __modes, size_t __n) __THROW;
   337  ...................1
   337  PCC-S-02201, Encountered the symbol "size_t" when expecting one of the 
        following:
        
           ... auto, char, const, double, enum, float, int, long,
           ulong_varchar, OCIBFileLocator OCIBlobLocator,
           OCIClobLocator, OCIDateTime, OCIExtProcContext, OCIInterval,
           OCIRowid, OCIDate, OCINumber, OCIRaw, OCIString, register,
           short, signed, sql_context, sql_cursor, static, struct,
           union, unsigned, utext, uvarchar, varchar, void, volatile,
           a typedef name, exec oracle, exec oracle begin, exec,
           exec sql, exec sql begin, exec sql type, exec sql var,
        The symbol "enum," was substituted for "size_t" to continue.
        
Error at line 344, column 10 in file /usr/include/stdio.h
   344                         size_t __size) __THROW;
   344  .........1
   344  PCC-S-02201, Encountered the symbol "size_t" when expecting one of the 
        following:
        
           ... auto, char, const, double, enum, float, int, long,
           ulong_varchar, OCIBFileLocator OCIBlobLocator,
           OCIClobLocator, OCIDateTime, OCIExtProcContext, OCIInterval,
           OCIRowid, OCIDate, OCINumber, OCIRaw, OCIString, register,
           short, signed, sql_context, sql_cursor, static, struct,
           union, unsigned, utext, uvarchar, varchar, void, volatile,
           a typedef name, exec oracle, exec oracle begin, exec,
           exec sql, exec sql begin, exec sql type, exec sql var,
        The symbol "enum," was substituted for "size_t" to continue.
        
Error at line 372, column 8 in file /usr/include/stdio.h
   372                       _G_va_list __arg);
   372  .......1
   372  PCC-S-02201, Encountered the symbol "__gnuc_va_list" when expecting one
         of the following:
        
           ... auto, char, const, double, enum, float, int, long,
           ulong_varchar, OCIBFileLocator OCIBlobLocator,
           OCIClobLocator, OCIDateTime, OCIExtProcContext, OCIInterval,
           OCIRowid, OCIDate, OCINumber, OCIRaw, OCIString, register,
           short, signed, sql_context, sql_cursor, static, struct,
           union, unsigned, utext, uvarchar, varchar, void, volatile,
           a typedef name, exec oracle, exec oracle begin, exec,
           exec sql, exec sql begin, exec sql type, exec sql var,
        The symbol "enum," was substituted for "__gnuc_va_list" to continue.
        

Pro*C/C++: Release 11.2.0.3.0 - Production on Thu Nov 8 13:52:04 2018

Copyright (c) 1982, 2011, Oracle and/or its affiliates.  All rights reserved.

Error at line 377, column 54 in file /usr/include/stdio.h
   377  extern int vprintf (const char *__restrict __format, _G_va_list __arg);
   377  .....................................................1
   377  PCC-S-02201, Encountered the symbol "__gnuc_va_list" when expecting one
         of the following:
        
           ... auto, char, const, double, enum, float, int, long,
           ulong_varchar, OCIBFileLocator OCIBlobLocator,
           OCIClobLocator, OCIDateTime, OCIExtProcContext, OCIInterval,
           OCIRowid, OCIDate, OCINumber, OCIRaw, OCIString, register,
           short, signed, sql_context, sql_cursor, static, struct,
           union, unsigned, utext, uvarchar, varchar, void, volatile,
           a typedef name, exec oracle, exec oracle begin, exec,
           exec sql, exec sql begin, exec sql type, exec sql var,
        The symbol "enum," was substituted for "__gnuc_va_list" to continue.
        
Error at line 380, column 8 in file /usr/include/stdio.h
   380                       _G_va_list __arg) __THROWNL;
   380  .......1
   380  PCC-S-02201, Encountered the symbol "__gnuc_va_list" when expecting one
         of the following:
        
           ... auto, char, const, double, enum, float, int, long,
           ulong_varchar, OCIBFileLocator OCIBlobLocator,
           OCIClobLocator, OCIDateTime, OCIExtProcContext, OCIInterval,
           OCIRowid, OCIDate, OCINumber, OCIRaw, OCIString, register,
           short, signed, sql_context, sql_cursor, static, struct,
           union, unsigned, utext, uvarchar, varchar, void, volatile,
           a typedef name, exec oracle, exec oracle begin, exec,
           exec sql, exec sql begin, exec sql type, exec sql var,
        The symbol "enum," was substituted for "__gnuc_va_list" to continue.
        
Error at line 386, column 44 in file /usr/include/stdio.h
   386  extern int snprintf (char *__restrict __s, size_t __maxlen,
   386  ...........................................1
   386  PCC-S-02201, Encountered the symbol "size_t" when expecting one of the 
        following:
        
           ... auto, char, const, double, enum, float, int, long,
           ulong_varchar, OCIBFileLocator OCIBlobLocator,
           OCIClobLocator, OCIDateTime, OCIExtProcContext, OCIInterval,
           OCIRowid, OCIDate, OCINumber, OCIRaw, OCIString, register,
           short, signed, sql_context, sql_cursor, static, struct,
           union, unsigned, utext, uvarchar, varchar, void, volatile,
           a typedef name, exec oracle, exec oracle begin, exec,
           exec sql, exec sql begin, exec sql type, exec sql var,
        The symbol "enum," was substituted for "size_t" to continue.
        
Error at line 390, column 45 in file /usr/include/stdio.h
   390  extern int vsnprintf (char *__restrict __s, size_t __maxlen,
   390  ............................................1
   390  PCC-S-02201, Encountered the symbol "size_t" when expecting one of the 
        following:
        
           ... auto, char, const, double, enum, float, int, long,
           ulong_varchar, OCIBFileLocator OCIBlobLocator,
           OCIClobLocator, OCIDateTime, OCIExtProcContext, OCIInterval,
           OCIRowid, OCIDate, OCINumber, OCIRaw, OCIString, register,
           short, signed, sql_context, sql_cursor, static, struct,
           union, unsigned, utext, uvarchar, varchar, void, volatile,
           a typedef name, exec oracle, exec oracle begin, exec,
           exec sql, exec sql begin, exec sql type, exec sql var,
        The symbol "enum," was substituted for "size_t" to continue.
        

Pro*C/C++: Release 11.2.0.3.0 - Production on Thu Nov 8 13:52:04 2018

Copyright (c) 1982, 2011, Oracle and/or its affiliates.  All rights reserved.

Error at line 391, column 42 in file /usr/include/stdio.h
   391                        const char *__restrict __format, _G_va_list __arg
        )
   391  .........................................1
   391  PCC-S-02201, Encountered the symbol "__gnuc_va_list" when expecting one
         of the following:
        
           ... auto, char, const, double, enum, float, int, long,
           ulong_varchar, OCIBFileLocator OCIBlobLocator,
           OCIClobLocator, OCIDateTime, OCIExtProcContext, OCIInterval,
           OCIRowid, OCIDate, OCINumber, OCIRaw, OCIString, register,
           short, signed, sql_context, sql_cursor, static, struct,
           union, unsigned, utext, uvarchar, varchar, void, volatile,
           a typedef name, exec oracle, exec oracle begin, exec,
           exec sql, exec sql begin, exec sql type, exec sql var,
        The symbol "enum," was substituted for "__gnuc_va_list" to continue.
        
Error at line 413, column 8 in file /usr/include/stdio.h
   413                       _G_va_list __arg)
   413  .......1
   413  PCC-S-02201, Encountered the symbol "__gnuc_va_list" when expecting one
         of the following:
        
           ... auto, char, const, double, enum, float, int, long,
           ulong_varchar, OCIBFileLocator OCIBlobLocator,
           OCIClobLocator, OCIDateTime, OCIExtProcContext, OCIInterval,
           OCIRowid, OCIDate, OCINumber, OCIRaw, OCIString, register,
           short, signed, sql_context, sql_cursor, static, struct,
           union, unsigned, utext, uvarchar, varchar, void, volatile,
           a typedef name, exec oracle, exec oracle begin, exec,
           exec sql, exec sql begin, exec sql type, exec sql var,
        The symbol "enum," was substituted for "__gnuc_va_list" to continue.
        
Error at line 472, column 7 in file /usr/include/stdio.h
   472                      _G_va_list __arg)
   472  ......1
   472  PCC-S-02201, Encountered the symbol "__gnuc_va_list" when expecting one
         of the following:
        
           ... auto, char, const, double, enum, float, int, long,
           ulong_varchar, OCIBFileLocator OCIBlobLocator,
           OCIClobLocator, OCIDateTime, OCIExtProcContext, OCIInterval,
           OCIRowid, OCIDate, OCINumber, OCIRaw, OCIString, register,
           short, signed, sql_context, sql_cursor, static, struct,
           union, unsigned, utext, uvarchar, varchar, void, volatile,
           a typedef name, exec oracle, exec oracle begin, exec,
           exec sql, exec sql begin, exec sql type, exec sql var,
        The symbol "enum," was substituted for "__gnuc_va_list" to continue.
        
Error at line 479, column 53 in file /usr/include/stdio.h
   479  extern int vscanf (const char *__restrict __format, _G_va_list __arg)
   479  ....................................................1
   479  PCC-S-02201, Encountered the symbol "__gnuc_va_list" when expecting one
         of the following:
        
           ... auto, char, const, double, enum, float, int, long,
           ulong_varchar, OCIBFileLocator OCIBlobLocator,
           OCIClobLocator, OCIDateTime, OCIExtProcContext, OCIInterval,
           OCIRowid, OCIDate, OCINumber, OCIRaw, OCIString, register,
           short, signed, sql_context, sql_cursor, static, struct,
           union, unsigned, utext, uvarchar, varchar, void, volatile,
           a typedef name, exec oracle, exec oracle begin, exec,
           exec sql, exec sql begin, exec sql type, exec sql var,
        The symbol "enum," was substituted for "__gnuc_va_list" to continue.
        

Pro*C/C++: Release 11.2.0.3.0 - Production on Thu Nov 8 13:52:04 2018

Copyright (c) 1982, 2011, Oracle and/or its affiliates.  All rights reserved.

Error at line 484, column 40 in file /usr/include/stdio.h
   484                      const char *__restrict __format, _G_va_list __arg)
   484  .......................................1
   484  PCC-S-02201, Encountered the symbol "__gnuc_va_list" when expecting one
         of the following:
        
           ... auto, char, const, double, enum, float, int, long,
           ulong_varchar, OCIBFileLocator OCIBlobLocator,
           OCIClobLocator, OCIDateTime, OCIExtProcContext, OCIInterval,
           OCIRowid, OCIDate, OCINumber, OCIRaw, OCIString, register,
           short, signed, sql_context, sql_cursor, static, struct,
           union, unsigned, utext, uvarchar, varchar, void, volatile,
           a typedef name, exec oracle, exec oracle begin, exec,
           exec sql, exec sql begin, exec sql type, exec sql var,
        The symbol "enum," was substituted for "__gnuc_va_list" to continue.
        
Error at line 510, column 9 in file /usr/include/stdio.h
   510                               _G_va_list __arg) __wur;
   510  ........1
   510  PCC-S-02201, Encountered the symbol "__gnuc_va_list" when expecting one
         of the following:
        
           ... auto, char, const, double, enum, float, int, long,
           ulong_varchar, OCIBFileLocator OCIBlobLocator,
           OCIClobLocator, OCIDateTime, OCIExtProcContext, OCIInterval,
           OCIRowid, OCIDate, OCINumber, OCIRaw, OCIString, register,
           short, signed, sql_context, sql_cursor, static, struct,
           union, unsigned, utext, uvarchar, varchar, void, volatile,
           a typedef name, exec oracle, exec oracle begin, exec,
           exec sql, exec sql begin, exec sql type, exec sql var,
        The symbol "enum," was substituted for "__gnuc_va_list" to continue.
        
Error at line 512, column 8 in file /usr/include/stdio.h
   512                              _G_va_list __arg) __wur;
   512  .......1
   512  PCC-S-02201, Encountered the symbol "__gnuc_va_list" when expecting one
         of the following:
        
           ... auto, char, const, double, enum, float, int, long,
           ulong_varchar, OCIBFileLocator OCIBlobLocator,
           OCIClobLocator, OCIDateTime, OCIExtProcContext, OCIInterval,
           OCIRowid, OCIDate, OCINumber, OCIRaw, OCIString, register,
           short, signed, sql_context, sql_cursor, static, struct,
           union, unsigned, utext, uvarchar, varchar, void, volatile,
           a typedef name, exec oracle, exec oracle begin, exec,
           exec sql, exec sql begin, exec sql type, exec sql var,
        The symbol "enum," was substituted for "__gnuc_va_list" to continue.
        
Error at line 515, column 9 in file /usr/include/stdio.h
   515                               _G_va_list __arg) __THROW;
   515  ........1
   515  PCC-S-02201, Encountered the symbol "__gnuc_va_list" when expecting one
         of the following:
        
           ... auto, char, const, double, enum, float, int, long,
           ulong_varchar, OCIBFileLocator OCIBlobLocator,
           OCIClobLocator, OCIDateTime, OCIExtProcContext, OCIInterval,
           OCIRowid, OCIDate, OCINumber, OCIRaw, OCIString, register,
           short, signed, sql_context, sql_cursor, static, struct,
           union, unsigned, utext, uvarchar, varchar, void, volatile,
           a typedef name, exec oracle, exec oracle begin, exec,
           exec sql, exec sql begin, exec sql type, exec sql var,
        The symbol "enum," was substituted for "__gnuc_va_list" to continue.
        

Pro*C/C++: Release 11.2.0.3.0 - Production on Thu Nov 8 13:52:04 2018

Copyright (c) 1982, 2011, Oracle and/or its affiliates.  All rights reserved.

Error at line 666, column 11 in file /usr/include/stdio.h
   666                                 size_t *__restrict __n, int __delimiter,
   666  ..........1
   666  PCC-S-02201, Encountered the symbol "size_t" when expecting one of the 
        following:
        
           ... auto, char, const, double, enum, float, int, long,
           ulong_varchar, OCIBFileLocator OCIBlobLocator,
           OCIClobLocator, OCIDateTime, OCIExtProcContext, OCIInterval,
           OCIRowid, OCIDate, OCINumber, OCIRaw, OCIString, register,
           short, signed, sql_context, sql_cursor, static, struct,
           union, unsigned, utext, uvarchar, varchar, void, volatile,
           a typedef name, exec oracle, exec oracle begin, exec,
           exec sql, exec sql begin, exec sql type, exec sql var,
        The symbol "enum," was substituted for "size_t" to continue.
        
Error at line 669, column 9 in file /usr/include/stdio.h
   669                               size_t *__restrict __n, int __delimiter,
   669  ........1
   669  PCC-S-02201, Encountered the symbol "size_t" when expecting one of the 
        following:
        
           ... auto, char, const, double, enum, float, int, long,
           ulong_varchar, OCIBFileLocator OCIBlobLocator,
           OCIClobLocator, OCIDateTime, OCIExtProcContext, OCIInterval,
           OCIRowid, OCIDate, OCINumber, OCIRaw, OCIString, register,
           short, signed, sql_context, sql_cursor, static, struct,
           union, unsigned, utext, uvarchar, varchar, void, volatile,
           a typedef name, exec oracle, exec oracle begin, exec,
           exec sql, exec sql begin, exec sql type, exec sql var,
        The symbol "enum," was substituted for "size_t" to continue.
        
Error at line 679, column 8 in file /usr/include/stdio.h
   679                              size_t *__restrict __n,
   679  .......1
   679  PCC-S-02201, Encountered the symbol "size_t" when expecting one of the 
        following:
        
           ... auto, char, const, double, enum, float, int, long,
           ulong_varchar, OCIBFileLocator OCIBlobLocator,
           OCIClobLocator, OCIDateTime, OCIExtProcContext, OCIInterval,
           OCIRowid, OCIDate, OCINumber, OCIRaw, OCIString, register,
           short, signed, sql_context, sql_cursor, static, struct,
           union, unsigned, utext, uvarchar, varchar, void, volatile,
           a typedef name, exec oracle, exec oracle begin, exec,
           exec sql, exec sql begin, exec sql type, exec sql var,
        The symbol "enum," was substituted for "size_t" to continue.
        
Error at line 709, column 15 in file /usr/include/stdio.h
   709  extern size_t fread (void *__restrict __ptr, size_t __size,
   709  ..............1
   709  PCC-S-02201, Encountered the symbol "fread" when expecting one of the f
        ollowing:
        
           ; , = ( [
        The symbol ";" was substituted for "fread" to continue.
        
Error at line 709, column 46 in file /usr/include/stdio.h
   709  extern size_t fread (void *__restrict __ptr, size_t __size,
   709  .............................................1
   709  PCC-S-02201, Encountered the symbol "size_t" when expecting one of the 
        following:
        
           ... auto, char, const, double, enum, float, int, long,
           ulong_varchar, OCIBFileLocator OCIBlobLocator,
           OCIClobLocator, OCIDateTime, OCIExtProcContext, OCIInterval,
           OCIRowid, OCIDate, OCINumber, OCIRaw, OCIString, register,
           short, signed, sql_context, sql_cursor, static, struct,
           union, unsigned, utext, uvarchar, varchar, void, volatile,
           a typedef name, exec oracle, exec oracle begin, exec,
           exec sql, exec sql begin, exec sql type, exec sql var,
        The symbol "exec," was substituted for "size_t" to continue.
        

Pro*C/C++: Release 11.2.0.3.0 - Production on Thu Nov 8 13:52:04 2018

Copyright (c) 1982, 2011, Oracle and/or its affiliates.  All rights reserved.

Error at line 715, column 1 in file /usr/include/stdio.h
   715  extern size_t fwrite (const void *__restrict __ptr, size_t __size,
   715  1
   715  PCC-S-02201, Encountered the symbol "extern" when expecting one of the 
        following:
        
           , )
        
